[debug] [2023-04-06T16:43:25.181Z] ----------------------------------------------------------------------
[debug] [2023-04-06T16:43:25.184Z] Command:       C:\Program Files\nodejs\node.exe C:\Users\A\AppData\Roaming\npm\node_modules\firebase-tools\lib\bin\firebase.js init
[debug] [2023-04-06T16:43:25.185Z] CLI Version:   11.24.1
[debug] [2023-04-06T16:43:25.186Z] Platform:      win32
[debug] [2023-04-06T16:43:25.186Z] Node Version:  v16.15.1
[debug] [2023-04-06T16:43:25.187Z] Time:          Thu Apr 06 2023 22:43:25 GMT+0600 (Bangladesh Standard Time)
[debug] [2023-04-06T16:43:25.187Z] ----------------------------------------------------------------------
[debug] 
[debug] [2023-04-06T16:43:25.198Z] > command requires scopes: ["email","openid","https://www.googleapis.com/auth/cloudplatformprojects.readonly","https://www.googleapis.com/auth/firebase","https://www.googleapis.com/auth/cloud-platform"]
[debug] [2023-04-06T16:43:25.198Z] > authorizing via signed-in user (shahadathossain120463@gmail.com)
[info] 
     ######## #### ########  ######## ########     ###     ######  ########
     ##        ##  ##     ## ##       ##     ##  ##   ##  ##       ##
     ######    ##  ########  ######   ########  #########  ######  ######
     ##        ##  ##    ##  ##       ##     ## ##     ##       ## ##
     ##       #### ##     ## ######## ########  ##     ##  ######  ########

You're about to initialize a Firebase project in this directory:

  D:\projects\todo-list-app\todo-list-app

[info] 
=== Project Setup
[info] 
[info] First, let's associate this project directory with a Firebase project.
[info] You can create multiple project aliases by running firebase use --add, 
[info] but for now we'll just set up a default project.
[info] 
[debug] [2023-04-06T16:43:44.134Z] > refreshing access token with scopes: []
[debug] [2023-04-06T16:43:44.137Z] >>> [apiv2][query] POST https://www.googleapis.com/oauth2/v3/token [none]
[debug] [2023-04-06T16:43:44.137Z] >>> [apiv2][body] POST https://www.googleapis.com/oauth2/v3/token [omitted]
[debug] [2023-04-06T16:43:55.234Z] Authentication Error: Your credentials are no longer valid. Please run firebase login --reauth

For CI servers and headless environments, generate a new token with firebase login:ci
[debug] [2023-04-06T16:43:56.810Z] FirebaseError: Authentication Error: Your credentials are no longer valid. Please run firebase login --reauth

For CI servers and headless environments, generate a new token with firebase login:ci
    at invalidCredentialError (C:\Users\A\AppData\Roaming\npm\node_modules\firebase-tools\lib\auth.js:144:12)
    at refreshTokens (C:\Users\A\AppData\Roaming\npm\node_modules\firebase-tools\lib\auth.js:508:15)
    at processTicksAndRejections (node:internal/process/task_queues:96:5)
    at async Client.getAccessToken (C:\Users\A\AppData\Roaming\npm\node_modules\firebase-tools\lib\apiv2.js:149:23)
    at async Client.addAuthHeader (C:\Users\A\AppData\Roaming\npm\node_modules\firebase-tools\lib\apiv2.js:140:21)
    at async Client.request (C:\Users\A\AppData\Roaming\npm\node_modules\firebase-tools\lib\apiv2.js:96:34)
    at async getProjectPage (C:\Users\A\AppData\Roaming\npm\node_modules\firebase-tools\lib\management\projects.js:238:17)
    at async getFirebaseProjectPage (C:\Users\A\AppData\Roaming\npm\node_modules\firebase-tools\lib\management\projects.js:255:23)
    at async selectProjectInteractively (C:\Users\A\AppData\Roaming\npm\node_modules\firebase-tools\lib\management\projects.js:94:41)
    at async doSetup (C:\Users\A\AppData\Roaming\npm\node_modules\firebase-tools\lib\init\features\project.js:88:27)
    at async init (C:\Users\A\AppData\Roaming\npm\node_modules\firebase-tools\lib\init\index.js:36:9)
[error] 
[error] Error: Failed to list Firebase projects. See firebase-debug.log for more info.
[debug] [2023-04-06T16:44:09.721Z] ----------------------------------------------------------------------
[debug] [2023-04-06T16:44:09.723Z] Command:       C:\Program Files\nodejs\node.exe C:\Users\A\AppData\Roaming\npm\node_modules\firebase-tools\lib\bin\firebase.js login
[debug] [2023-04-06T16:44:09.723Z] CLI Version:   11.24.1
[debug] [2023-04-06T16:44:09.724Z] Platform:      win32
[debug] [2023-04-06T16:44:09.724Z] Node Version:  v16.15.1
[debug] [2023-04-06T16:44:09.725Z] Time:          Thu Apr 06 2023 22:44:09 GMT+0600 (Bangladesh Standard Time)
[debug] [2023-04-06T16:44:09.725Z] ----------------------------------------------------------------------
[debug] 
[info] Already logged in as shahadathossain120463@gmail.com
[debug] [2023-04-06T16:44:15.179Z] Error: Timed out.
    at Timeout._onTimeout (C:\Users\A\AppData\Roaming\npm\node_modules\firebase-tools\lib\utils.js:253:49)
    at listOnTimeout (node:internal/timers:559:17)
    at processTimers (node:internal/timers:502:7)
[error] 
[error] Error: An unexpected error has occurred.
[debug] [2023-04-06T16:45:21.327Z] ----------------------------------------------------------------------
[debug] [2023-04-06T16:45:21.329Z] Command:       C:\Program Files\nodejs\node.exe C:\Users\A\AppData\Roaming\npm\node_modules\firebase-tools\lib\bin\firebase.js login
[debug] [2023-04-06T16:45:21.329Z] CLI Version:   11.24.1
[debug] [2023-04-06T16:45:21.329Z] Platform:      win32
[debug] [2023-04-06T16:45:21.329Z] Node Version:  v16.15.1
[debug] [2023-04-06T16:45:21.330Z] Time:          Thu Apr 06 2023 22:45:21 GMT+0600 (Bangladesh Standard Time)
[debug] [2023-04-06T16:45:21.331Z] ----------------------------------------------------------------------
[debug] 
[info] Already logged in as shahadathossain120463@gmail.com
[debug] [2023-04-06T16:45:26.865Z] Error: Timed out.
    at Timeout._onTimeout (C:\Users\A\AppData\Roaming\npm\node_modules\firebase-tools\lib\utils.js:253:49)
    at listOnTimeout (node:internal/timers:559:17)
    at processTimers (node:internal/timers:502:7)
[error] 
[error] Error: An unexpected error has occurred.
